# JRE version: Java(TM) SE Runtime Environment (13.0.2+8) (build 13.0.2+8)
# Java VM: Java HotSpot(TM) 64-Bit Server VM (13.0.2+8, mixed mode, sharing, tiered, compressed oops, g1 gc, bsd-amd64)
Heap:
 garbage-first heap   total 159744K, used 71522K [0x0000000780000000, 0x0000000800000000)
  region size 1024K, 4 young (4096K), 2 survivors (2048K)
 Metaspace       used 17127K, capacity 17647K, committed 17792K, reserved 1064960K
  class space    used 2132K, capacity 2323K, committed 2432K, reserved 1048576K
GC Heap History (20 events):
Event: 6.555 GC heap before
{Heap before GC invocations=4 (full 0):
 garbage-first heap   total 133120K, used 66230K [0x0000000780000000, 0x0000000800000000)
  region size 1024K, 13 young (13312K), 2 survivors (2048K)
 Metaspace       used 16574K, capacity 17054K, committed 17152K, reserved 1064960K
  class space    used 2088K, capacity 2252K, committed 2304K, reserved 1048576K
}
Event: 6.558 GC heap after
{Heap after GC invocations=5 (full 0):
 garbage-first heap   total 133120K, used 43625K [0x0000000780000000, 0x0000000800000000)
  region size 1024K, 2 young (2048K), 2 survivors (2048K)
 Metaspace       used 16574K, capacity 17054K, committed 17152K, reserved 1064960K
  class space    used 2088K, capacity 2252K, committed 2304K, reserved 1048576K
}
Event: 6.664 GC heap before
{Heap before GC invocations=6 (full 0):
 garbage-first heap   total 133120K, used 69225K [0x0000000780000000, 0x0000000800000000)
  region size 1024K, 15 young (15360K), 2 survivors (2048K)
 Metaspace       used 16574K, capacity 17054K, committed 17152K, reserved 1064960K
  class space    used 2088K, capacity 2252K, committed 2304K, reserved 1048576K
}
Event: 6.668 GC heap after
{Heap after GC invocations=7 (full 0):
 garbage-first heap   total 133120K, used 51889K [0x0000000780000000, 0x0000000800000000)
  region size 1024K, 2 young (2048K), 2 survivors (2048K)
 Metaspace       used 16574K, capacity 17054K, committed 17152K, reserved 1064960K
  class space    used 2088K, capacity 2252K, committed 2304K, reserved 1048576K
}
Event: 6.697 GC heap before
{Heap before GC invocations=8 (full 0):
 garbage-first heap   total 133120K, used 64177K [0x0000000780000000, 0x0000000800000000)
  region size 1024K, 9 young (9216K), 2 survivors (2048K)
 Metaspace       used 16574K, capacity 17054K, committed 17152K, reserved 1064960K
  class space    used 2088K, capacity 2252K, committed 2304K, reserved 1048576K
}
Event: 6.701 GC heap after
{Heap after GC invocations=9 (full 0):
 garbage-first heap   total 133120K, used 51823K [0x0000000780000000, 0x0000000800000000)
  region size 1024K, 2 young (2048K), 2 survivors (2048K)
 Metaspace       used 16574K, capacity 17054K, committed 17152K, reserved 1064960K
  class space    used 2088K, capacity 2252K, committed 2304K, reserved 1048576K
}
Event: 7.514 GC heap before
{Heap before GC invocations=10 (full 0):
 garbage-first heap   total 133120K, used 66159K [0x0000000780000000, 0x0000000800000000)
  region size 1024K, 11 young (11264K), 2 survivors (2048K)
 Metaspace       used 16704K, capacity 17164K, committed 17408K, reserved 1064960K
  class space    used 2106K, capacity 2290K, committed 2304K, reserved 1048576K
}
Event: 7.518 GC heap after
{Heap after GC invocations=11 (full 0):
 garbage-first heap   total 133120K, used 57959K [0x0000000780000000, 0x0000000800000000)
  region size 1024K, 2 young (2048K), 2 survivors (2048K)
 Metaspace       used 16704K, capacity 17164K, committed 17408K, reserved 1064960K
  class space    used 2106K, capacity 2290K, committed 2304K, reserved 1048576K
}
Event: 7.542 GC heap before
{Heap before GC invocations=12 (full 0):
 garbage-first heap   total 133120K, used 64103K [0x0000000780000000, 0x0000000800000000)
  region size 1024K, 4 young (4096K), 2 survivors (2048K)
 Metaspace       used 16715K, capacity 17228K, committed 17408K, reserved 1064960K
  class space    used 2106K, capacity 2290K, committed 2304K, reserved 1048576K
}
Event: 7.546 GC heap after
{Heap after GC invocations=13 (full 0):
 garbage-first heap   total 133120K, used 58027K [0x0000000780000000, 0x0000000800000000)
  region size 1024K, 2 young (2048K), 2 survivors (2048K)
 Metaspace       used 16715K, capacity 17228K, committed 17408K, reserved 1064960K
  class space    used 2106K, capacity 2290K, committed 2304K, reserved 1048576K
}
Event: 7.590 GC heap before
{Heap before GC invocations=14 (full 0):
 garbage-first heap   total 133120K, used 71339K [0x0000000780000000, 0x0000000800000000)
  region size 1024K, 9 young (9216K), 2 survivors (2048K)
 Metaspace       used 16717K, capacity 17228K, committed 17408K, reserved 1064960K
  class space    used 2106K, capacity 2290K, committed 2304K, reserved 1048576K
}
Event: 7.593 GC heap after
{Heap after GC invocations=15 (full 0):
 garbage-first heap   total 133120K, used 61168K [0x0000000780000000, 0x0000000800000000)
  region size 1024K, 2 young (2048K), 2 survivors (2048K)
 Metaspace       used 16717K, capacity 17228K, committed 17408K, reserved 1064960K
  class space    used 2106K, capacity 2290K, committed 2304K, reserved 1048576K
}
Event: 7.637 GC heap before
{Heap before GC invocations=16 (full 0):
 garbage-first heap   total 133120K, used 74480K [0x0000000780000000, 0x0000000800000000)
  region size 1024K, 9 young (9216K), 2 survivors (2048K)
 Metaspace       used 16718K, capacity 17228K, committed 17408K, reserved 1064960K
  class space    used 2106K, capacity 2290K, committed 2304K, reserved 1048576K
}
Event: 7.640 GC heap after
{Heap after GC invocations=17 (full 0):
 garbage-first heap   total 133120K, used 61130K [0x0000000780000000, 0x0000000800000000)
  region size 1024K, 2 young (2048K), 2 survivors (2048K)
 Metaspace       used 16718K, capacity 17228K, committed 17408K, reserved 1064960K
  class space    used 2106K, capacity 2290K, committed 2304K, reserved 1048576K
}
Event: 7.679 GC heap before
{Heap before GC invocations=18 (full 0):
 garbage-first heap   total 133120K, used 74442K [0x0000000780000000, 0x0000000800000000)
  region size 1024K, 9 young (9216K), 2 survivors (2048K)
 Metaspace       used 16718K, capacity 17228K, committed 17408K, reserved 1064960K
  class space    used 2106K, capacity 2290K, committed 2304K, reserved 1048576K
}
Event: 7.683 GC heap after
{Heap after GC invocations=19 (full 0):
 garbage-first heap   total 159744K, used 61112K [0x0000000780000000, 0x0000000800000000)
  region size 1024K, 2 young (2048K), 2 survivors (2048K)
 Metaspace       used 16718K, capacity 17228K, committed 17408K, reserved 1064960K
  class space    used 2106K, capacity 2290K, committed 2304K, reserved 1048576K
}
Event: 8.554 GC heap before
{Heap before GC invocations=20 (full 0):
 garbage-first heap   total 159744K, used 89784K [0x0000000780000000, 0x0000000800000000)
  region size 1024K, 20 young (20480K), 2 survivors (2048K)
 Metaspace       used 17109K, capacity 17647K, committed 17792K, reserved 1064960K
  class space    used 2131K, capacity 2323K, committed 2432K, reserved 1048576K
}
Event: 8.565 GC heap after
{Heap after GC invocations=21 (full 0):
 garbage-first heap   total 159744K, used 65497K [0x0000000780000000, 0x0000000800000000)
  region size 1024K, 2 young (2048K), 2 survivors (2048K)
 Metaspace       used 17109K, capacity 17647K, committed 17792K, reserved 1064960K
  class space    used 2131K, capacity 2323K, committed 2432K, reserved 1048576K
}
Event: 8.635 GC heap before
{Heap before GC invocations=22 (full 0):
 garbage-first heap   total 159744K, used 76761K [0x0000000780000000, 0x0000000800000000)
  region size 1024K, 5 young (5120K), 2 survivors (2048K)
 Metaspace       used 17125K, capacity 17647K, committed 17792K, reserved 1064960K
  class space    used 2132K, capacity 2323K, committed 2432K, reserved 1048576K
}
Event: 8.639 GC heap after
{Heap after GC invocations=23 (full 0):
 garbage-first heap   total 159744K, used 63330K [0x0000000780000000, 0x0000000800000000)
  region size 1024K, 2 young (2048K), 2 survivors (2048K)
 Metaspace       used 17125K, capacity 17647K, committed 17792K, reserved 1064960K
  class space    used 2132K, capacity 2323K, committed 2432K, reserved 1048576K
}

