# JRE version: Java(TM) SE Runtime Environment (13.0.2+8) (build 13.0.2+8)
# Java VM: Java HotSpot(TM) 64-Bit Server VM (13.0.2+8, mixed mode, sharing, tiered, compressed oops, g1 gc, bsd-amd64)
Heap:
 garbage-first heap   total 133120K, used 70603K [0x0000000780000000, 0x0000000800000000)
  region size 1024K, 3 young (3072K), 2 survivors (2048K)
 Metaspace       used 17124K, capacity 17615K, committed 17920K, reserved 1064960K
  class space    used 2126K, capacity 2291K, committed 2304K, reserved 1048576K
GC Heap History (20 events):
Event: 4.982 GC heap before
{Heap before GC invocations=3 (full 0):
 garbage-first heap   total 133120K, used 81281K [0x0000000780000000, 0x0000000800000000)
  region size 1024K, 33 young (33792K), 3 survivors (3072K)
 Metaspace       used 16622K, capacity 17121K, committed 17408K, reserved 1064960K
  class space    used 2087K, capacity 2253K, committed 2304K, reserved 1048576K
}
Event: 4.986 GC heap after
{Heap after GC invocations=4 (full 0):
 garbage-first heap   total 133120K, used 50790K [0x0000000780000000, 0x0000000800000000)
  region size 1024K, 3 young (3072K), 3 survivors (3072K)
 Metaspace       used 16622K, capacity 17121K, committed 17408K, reserved 1064960K
  class space    used 2087K, capacity 2253K, committed 2304K, reserved 1048576K
}
Event: 5.033 GC heap before
{Heap before GC invocations=4 (full 0):
 garbage-first heap   total 133120K, used 68198K [0x0000000780000000, 0x0000000800000000)
  region size 1024K, 12 young (12288K), 3 survivors (3072K)
 Metaspace       used 16623K, capacity 17121K, committed 17408K, reserved 1064960K
  class space    used 2087K, capacity 2253K, committed 2304K, reserved 1048576K
}
Event: 5.036 GC heap after
{Heap after GC invocations=5 (full 0):
 garbage-first heap   total 133120K, used 47781K [0x0000000780000000, 0x0000000800000000)
  region size 1024K, 3 young (3072K), 3 survivors (3072K)
 Metaspace       used 16623K, capacity 17121K, committed 17408K, reserved 1064960K
  class space    used 2087K, capacity 2253K, committed 2304K, reserved 1048576K
}
Event: 5.098 GC heap before
{Heap before GC invocations=6 (full 0):
 garbage-first heap   total 133120K, used 66213K [0x0000000780000000, 0x0000000800000000)
  region size 1024K, 13 young (13312K), 3 survivors (3072K)
 Metaspace       used 16623K, capacity 17121K, committed 17408K, reserved 1064960K
  class space    used 2087K, capacity 2253K, committed 2304K, reserved 1048576K
}
Event: 5.103 GC heap after
{Heap after GC invocations=7 (full 0):
 garbage-first heap   total 133120K, used 51925K [0x0000000780000000, 0x0000000800000000)
  region size 1024K, 3 young (3072K), 3 survivors (3072K)
 Metaspace       used 16623K, capacity 17121K, committed 17408K, reserved 1064960K
  class space    used 2087K, capacity 2253K, committed 2304K, reserved 1048576K
}
Event: 5.130 GC heap before
{Heap before GC invocations=8 (full 0):
 garbage-first heap   total 133120K, used 64213K [0x0000000780000000, 0x0000000800000000)
  region size 1024K, 10 young (10240K), 3 survivors (3072K)
 Metaspace       used 16623K, capacity 17121K, committed 17408K, reserved 1064960K
  class space    used 2087K, capacity 2253K, committed 2304K, reserved 1048576K
}
Event: 5.134 GC heap after
{Heap after GC invocations=9 (full 0):
 garbage-first heap   total 133120K, used 51903K [0x0000000780000000, 0x0000000800000000)
  region size 1024K, 3 young (3072K), 3 survivors (3072K)
 Metaspace       used 16623K, capacity 17121K, committed 17408K, reserved 1064960K
  class space    used 2087K, capacity 2253K, committed 2304K, reserved 1048576K
}
Event: 5.609 GC heap before
{Heap before GC invocations=10 (full 0):
 garbage-first heap   total 133120K, used 67263K [0x0000000780000000, 0x0000000800000000)
  region size 1024K, 12 young (12288K), 3 survivors (3072K)
 Metaspace       used 16766K, capacity 17231K, committed 17408K, reserved 1064960K
  class space    used 2106K, capacity 2291K, committed 2304K, reserved 1048576K
}
Event: 5.612 GC heap after
{Heap after GC invocations=11 (full 0):
 garbage-first heap   total 133120K, used 59217K [0x0000000780000000, 0x0000000800000000)
  region size 1024K, 3 young (3072K), 3 survivors (3072K)
 Metaspace       used 16766K, capacity 17231K, committed 17408K, reserved 1064960K
  class space    used 2106K, capacity 2291K, committed 2304K, reserved 1048576K
}
Event: 5.678 GC heap before
{Heap before GC invocations=12 (full 0):
 garbage-first heap   total 133120K, used 77649K [0x0000000780000000, 0x0000000800000000)
  region size 1024K, 11 young (11264K), 3 survivors (3072K)
 Metaspace       used 16771K, capacity 17231K, committed 17408K, reserved 1064960K
  class space    used 2106K, capacity 2291K, committed 2304K, reserved 1048576K
}
Event: 5.685 GC heap after
{Heap after GC invocations=13 (full 0):
 garbage-first heap   total 133120K, used 63192K [0x0000000780000000, 0x0000000800000000)
  region size 1024K, 3 young (3072K), 3 survivors (3072K)
 Metaspace       used 16771K, capacity 17231K, committed 17408K, reserved 1064960K
  class space    used 2106K, capacity 2291K, committed 2304K, reserved 1048576K
}
Event: 5.729 GC heap before
{Heap before GC invocations=14 (full 0):
 garbage-first heap   total 133120K, used 77528K [0x0000000780000000, 0x0000000800000000)
  region size 1024K, 11 young (11264K), 3 survivors (3072K)
 Metaspace       used 16772K, capacity 17295K, committed 17664K, reserved 1064960K
  class space    used 2106K, capacity 2291K, committed 2304K, reserved 1048576K
}
Event: 5.734 GC heap after
{Heap after GC invocations=15 (full 0):
 garbage-first heap   total 133120K, used 61295K [0x0000000780000000, 0x0000000800000000)
  region size 1024K, 3 young (3072K), 3 survivors (3072K)
 Metaspace       used 16772K, capacity 17295K, committed 17664K, reserved 1064960K
  class space    used 2106K, capacity 2291K, committed 2304K, reserved 1048576K
}
Event: 5.779 GC heap before
{Heap before GC invocations=16 (full 0):
 garbage-first heap   total 133120K, used 74607K [0x0000000780000000, 0x0000000800000000)
  region size 1024K, 10 young (10240K), 3 survivors (3072K)
 Metaspace       used 16773K, capacity 17295K, committed 17664K, reserved 1064960K
  class space    used 2106K, capacity 2291K, committed 2304K, reserved 1048576K
}
Event: 5.782 GC heap after
{Heap after GC invocations=17 (full 0):
 garbage-first heap   total 133120K, used 61232K [0x0000000780000000, 0x0000000800000000)
  region size 1024K, 3 young (3072K), 3 survivors (3072K)
 Metaspace       used 16773K, capacity 17295K, committed 17664K, reserved 1064960K
  class space    used 2106K, capacity 2291K, committed 2304K, reserved 1048576K
}
Event: 6.537 GC heap before
{Heap before GC invocations=18 (full 0):
 garbage-first heap   total 133120K, used 80688K [0x0000000780000000, 0x0000000800000000)
  region size 1024K, 16 young (16384K), 3 survivors (3072K)
 Metaspace       used 17095K, capacity 17615K, committed 17920K, reserved 1064960K
  class space    used 2124K, capacity 2291K, committed 2304K, reserved 1048576K
}
Event: 6.543 GC heap after
{Heap after GC invocations=19 (full 0):
 garbage-first heap   total 133120K, used 61475K [0x0000000780000000, 0x0000000800000000)
  region size 1024K, 3 young (3072K), 3 survivors (3072K)
 Metaspace       used 17095K, capacity 17615K, committed 17920K, reserved 1064960K
  class space    used 2124K, capacity 2291K, committed 2304K, reserved 1048576K
}
Event: 6.597 GC heap before
{Heap before GC invocations=20 (full 0):
 garbage-first heap   total 133120K, used 75811K [0x0000000780000000, 0x0000000800000000)
  region size 1024K, 5 young (5120K), 3 survivors (3072K)
 Metaspace       used 17112K, capacity 17615K, committed 17920K, reserved 1064960K
  class space    used 2126K, capacity 2291K, committed 2304K, reserved 1048576K
}
Event: 6.601 GC heap after
{Heap after GC invocations=21 (full 0):
 garbage-first heap   total 133120K, used 63435K [0x0000000780000000, 0x0000000800000000)
  region size 1024K, 2 young (2048K), 2 survivors (2048K)
 Metaspace       used 17112K, capacity 17615K, committed 17920K, reserved 1064960K
  class space    used 2126K, capacity 2291K, committed 2304K, reserved 1048576K
}

