# JRE version: Java(TM) SE Runtime Environment (13.0.2+8) (build 13.0.2+8)
# Java VM: Java HotSpot(TM) 64-Bit Server VM (13.0.2+8, mixed mode, sharing, tiered, compressed oops, g1 gc, bsd-amd64)
Heap:
 garbage-first heap   total 133120K, used 70482K [0x0000000780000000, 0x0000000800000000)
  region size 1024K, 3 young (3072K), 2 survivors (2048K)
 Metaspace       used 17069K, capacity 17585K, committed 17792K, reserved 1064960K
  class space    used 2131K, capacity 2324K, committed 2432K, reserved 1048576K
GC Heap History (20 events):
Event: 6.195 GC heap before
{Heap before GC invocations=4 (full 0):
 garbage-first heap   total 133120K, used 68229K [0x0000000780000000, 0x0000000800000000)
  region size 1024K, 12 young (12288K), 3 survivors (3072K)
 Metaspace       used 16578K, capacity 17056K, committed 17408K, reserved 1064960K
  class space    used 2089K, capacity 2253K, committed 2304K, reserved 1048576K
}
Event: 6.198 GC heap after
{Heap after GC invocations=5 (full 0):
 garbage-first heap   total 133120K, used 47648K [0x0000000780000000, 0x0000000800000000)
  region size 1024K, 3 young (3072K), 3 survivors (3072K)
 Metaspace       used 16578K, capacity 17056K, committed 17408K, reserved 1064960K
  class space    used 2089K, capacity 2253K, committed 2304K, reserved 1048576K
}
Event: 6.272 GC heap before
{Heap before GC invocations=6 (full 0):
 garbage-first heap   total 133120K, used 65056K [0x0000000780000000, 0x0000000800000000)
  region size 1024K, 12 young (12288K), 3 survivors (3072K)
 Metaspace       used 16578K, capacity 17056K, committed 17408K, reserved 1064960K
  class space    used 2089K, capacity 2253K, committed 2304K, reserved 1048576K
}
Event: 6.277 GC heap after
{Heap after GC invocations=7 (full 0):
 garbage-first heap   total 133120K, used 51670K [0x0000000780000000, 0x0000000800000000)
  region size 1024K, 3 young (3072K), 3 survivors (3072K)
 Metaspace       used 16578K, capacity 17056K, committed 17408K, reserved 1064960K
  class space    used 2089K, capacity 2253K, committed 2304K, reserved 1048576K
}
Event: 6.311 GC heap before
{Heap before GC invocations=8 (full 0):
 garbage-first heap   total 133120K, used 64982K [0x0000000780000000, 0x0000000800000000)
  region size 1024K, 11 young (11264K), 3 survivors (3072K)
 Metaspace       used 16578K, capacity 17056K, committed 17408K, reserved 1064960K
  class space    used 2089K, capacity 2253K, committed 2304K, reserved 1048576K
}
Event: 6.315 GC heap after
{Heap after GC invocations=9 (full 0):
 garbage-first heap   total 133120K, used 51898K [0x0000000780000000, 0x0000000800000000)
  region size 1024K, 3 young (3072K), 3 survivors (3072K)
 Metaspace       used 16578K, capacity 17056K, committed 17408K, reserved 1064960K
  class space    used 2089K, capacity 2253K, committed 2304K, reserved 1048576K
}
Event: 6.789 GC heap before
{Heap before GC invocations=10 (full 0):
 garbage-first heap   total 133120K, used 66234K [0x0000000780000000, 0x0000000800000000)
  region size 1024K, 11 young (11264K), 3 survivors (3072K)
 Metaspace       used 16701K, capacity 17166K, committed 17408K, reserved 1064960K
  class space    used 2107K, capacity 2291K, committed 2304K, reserved 1048576K
}
Event: 6.792 GC heap after
{Heap after GC invocations=11 (full 0):
 garbage-first heap   total 133120K, used 59174K [0x0000000780000000, 0x0000000800000000)
  region size 1024K, 3 young (3072K), 3 survivors (3072K)
 Metaspace       used 16701K, capacity 17166K, committed 17408K, reserved 1064960K
  class space    used 2107K, capacity 2291K, committed 2304K, reserved 1048576K
}
Event: 6.810 GC heap before
{Heap before GC invocations=12 (full 0):
 garbage-first heap   total 133120K, used 64294K [0x0000000780000000, 0x0000000800000000)
  region size 1024K, 5 young (5120K), 3 survivors (3072K)
 Metaspace       used 16703K, capacity 17166K, committed 17408K, reserved 1064960K
  class space    used 2107K, capacity 2291K, committed 2304K, reserved 1048576K
}
Event: 6.815 GC heap after
{Heap after GC invocations=13 (full 0):
 garbage-first heap   total 133120K, used 56143K [0x0000000780000000, 0x0000000800000000)
  region size 1024K, 3 young (3072K), 3 survivors (3072K)
 Metaspace       used 16703K, capacity 17166K, committed 17408K, reserved 1064960K
  class space    used 2107K, capacity 2291K, committed 2304K, reserved 1048576K
}
Event: 6.864 GC heap before
{Heap before GC invocations=14 (full 0):
 garbage-first heap   total 133120K, used 70479K [0x0000000780000000, 0x0000000800000000)
  region size 1024K, 11 young (11264K), 3 survivors (3072K)
 Metaspace       used 16707K, capacity 17166K, committed 17408K, reserved 1064960K
  class space    used 2107K, capacity 2291K, committed 2304K, reserved 1048576K
}
Event: 6.868 GC heap after
{Heap after GC invocations=15 (full 0):
 garbage-first heap   total 133120K, used 61187K [0x0000000780000000, 0x0000000800000000)
  region size 1024K, 3 young (3072K), 3 survivors (3072K)
 Metaspace       used 16707K, capacity 17166K, committed 17408K, reserved 1064960K
  class space    used 2107K, capacity 2291K, committed 2304K, reserved 1048576K
}
Event: 6.915 GC heap before
{Heap before GC invocations=16 (full 0):
 garbage-first heap   total 133120K, used 73475K [0x0000000780000000, 0x0000000800000000)
  region size 1024K, 10 young (10240K), 3 survivors (3072K)
 Metaspace       used 16708K, capacity 17166K, committed 17408K, reserved 1064960K
  class space    used 2107K, capacity 2291K, committed 2304K, reserved 1048576K
}
Event: 6.919 GC heap after
{Heap after GC invocations=17 (full 0):
 garbage-first heap   total 133120K, used 61249K [0x0000000780000000, 0x0000000800000000)
  region size 1024K, 3 young (3072K), 3 survivors (3072K)
 Metaspace       used 16708K, capacity 17166K, committed 17408K, reserved 1064960K
  class space    used 2107K, capacity 2291K, committed 2304K, reserved 1048576K
}
Event: 6.957 GC heap before
{Heap before GC invocations=18 (full 0):
 garbage-first heap   total 133120K, used 75585K [0x0000000780000000, 0x0000000800000000)
  region size 1024K, 11 young (11264K), 3 survivors (3072K)
 Metaspace       used 16709K, capacity 17166K, committed 17408K, reserved 1064960K
  class space    used 2107K, capacity 2291K, committed 2304K, reserved 1048576K
}
Event: 6.961 GC heap after
{Heap after GC invocations=19 (full 0):
 garbage-first heap   total 133120K, used 61268K [0x0000000780000000, 0x0000000800000000)
  region size 1024K, 3 young (3072K), 3 survivors (3072K)
 Metaspace       used 16709K, capacity 17166K, committed 17408K, reserved 1064960K
  class space    used 2107K, capacity 2291K, committed 2304K, reserved 1048576K
}
Event: 7.408 GC heap before
{Heap before GC invocations=20 (full 0):
 garbage-first heap   total 133120K, used 80724K [0x0000000780000000, 0x0000000800000000)
  region size 1024K, 16 young (16384K), 3 survivors (3072K)
 Metaspace       used 17040K, capacity 17553K, committed 17664K, reserved 1064960K
  class space    used 2129K, capacity 2292K, committed 2304K, reserved 1048576K
}
Event: 7.414 GC heap after
{Heap after GC invocations=21 (full 0):
 garbage-first heap   total 133120K, used 61428K [0x0000000780000000, 0x0000000800000000)
  region size 1024K, 3 young (3072K), 3 survivors (3072K)
 Metaspace       used 17040K, capacity 17553K, committed 17664K, reserved 1064960K
  class space    used 2129K, capacity 2292K, committed 2304K, reserved 1048576K
}
Event: 7.471 GC heap before
{Heap before GC invocations=22 (full 0):
 garbage-first heap   total 133120K, used 75764K [0x0000000780000000, 0x0000000800000000)
  region size 1024K, 5 young (5120K), 3 survivors (3072K)
 Metaspace       used 17063K, capacity 17585K, committed 17792K, reserved 1064960K
  class space    used 2131K, capacity 2324K, committed 2432K, reserved 1048576K
}
Event: 7.475 GC heap after
{Heap after GC invocations=23 (full 0):
 garbage-first heap   total 133120K, used 63314K [0x0000000780000000, 0x0000000800000000)
  region size 1024K, 2 young (2048K), 2 survivors (2048K)
 Metaspace       used 17063K, capacity 17585K, committed 17792K, reserved 1064960K
  class space    used 2131K, capacity 2324K, committed 2432K, reserved 1048576K
}

