# JRE version: Java(TM) SE Runtime Environment (13.0.2+8) (build 13.0.2+8)
# Java VM: Java HotSpot(TM) 64-Bit Server VM (13.0.2+8, mixed mode, sharing, tiered, compressed oops, g1 gc, bsd-amd64)
Heap:
 garbage-first heap   total 133120K, used 62384K [0x0000000780000000, 0x0000000800000000)
  region size 1024K, 4 young (4096K), 2 survivors (2048K)
 Metaspace       used 17223K, capacity 17743K, committed 17920K, reserved 1064960K
  class space    used 2129K, capacity 2291K, committed 2304K, reserved 1048576K
GC Heap History (20 events):
Event: 7.810 GC heap before
{Heap before GC invocations=9 (full 0):
 garbage-first heap   total 133120K, used 70592K [0x0000000780000000, 0x0000000800000000)
  region size 1024K, 10 young (10240K), 2 survivors (2048K)
 Metaspace       used 14299K, capacity 14693K, committed 14976K, reserved 1062912K
  class space    used 1754K, capacity 1908K, committed 1920K, reserved 1048576K
}
Event: 7.813 GC heap after
{Heap after GC invocations=10 (full 0):
 garbage-first heap   total 133120K, used 54272K [0x0000000780000000, 0x0000000800000000)
  region size 1024K, 2 young (2048K), 2 survivors (2048K)
 Metaspace       used 14299K, capacity 14693K, committed 14976K, reserved 1062912K
  class space    used 1754K, capacity 1908K, committed 1920K, reserved 1048576K
}
Event: 7.858 GC heap before
{Heap before GC invocations=11 (full 0):
 garbage-first heap   total 133120K, used 67584K [0x0000000780000000, 0x0000000800000000)
  region size 1024K, 9 young (9216K), 2 survivors (2048K)
 Metaspace       used 14299K, capacity 14693K, committed 14976K, reserved 1062912K
  class space    used 1754K, capacity 1908K, committed 1920K, reserved 1048576K
}
Event: 7.861 GC heap after
{Heap after GC invocations=12 (full 0):
 garbage-first heap   total 133120K, used 54156K [0x0000000780000000, 0x0000000800000000)
  region size 1024K, 2 young (2048K), 2 survivors (2048K)
 Metaspace       used 14299K, capacity 14693K, committed 14976K, reserved 1062912K
  class space    used 1754K, capacity 1908K, committed 1920K, reserved 1048576K
}
Event: 7.925 GC heap before
{Heap before GC invocations=13 (full 0):
 garbage-first heap   total 133120K, used 67468K [0x0000000780000000, 0x0000000800000000)
  region size 1024K, 9 young (9216K), 2 survivors (2048K)
 Metaspace       used 14299K, capacity 14693K, committed 14976K, reserved 1062912K
  class space    used 1754K, capacity 1908K, committed 1920K, reserved 1048576K
}
Event: 7.929 GC heap after
{Heap after GC invocations=14 (full 0):
 garbage-first heap   total 133120K, used 54161K [0x0000000780000000, 0x0000000800000000)
  region size 1024K, 2 young (2048K), 2 survivors (2048K)
 Metaspace       used 14299K, capacity 14693K, committed 14976K, reserved 1062912K
  class space    used 1754K, capacity 1908K, committed 1920K, reserved 1048576K
}
Event: 9.468 GC heap before
{Heap before GC invocations=15 (full 0):
 garbage-first heap   total 133120K, used 73617K [0x0000000780000000, 0x0000000800000000)
  region size 1024K, 15 young (15360K), 2 survivors (2048K)
 Metaspace       used 16391K, capacity 16810K, committed 17152K, reserved 1064960K
  class space    used 2024K, capacity 2188K, committed 2304K, reserved 1048576K
}
Event: 9.473 GC heap after
{Heap after GC invocations=16 (full 0):
 garbage-first heap   total 133120K, used 54799K [0x0000000780000000, 0x0000000800000000)
  region size 1024K, 3 young (3072K), 3 survivors (3072K)
 Metaspace       used 16391K, capacity 16810K, committed 17152K, reserved 1064960K
  class space    used 2024K, capacity 2188K, committed 2304K, reserved 1048576K
}
Event: 10.070 GC heap before
{Heap before GC invocations=17 (full 0):
 garbage-first heap   total 133120K, used 62991K [0x0000000780000000, 0x0000000800000000)
  region size 1024K, 10 young (10240K), 3 survivors (3072K)
 Metaspace       used 17047K, capacity 17545K, committed 17664K, reserved 1064960K
  class space    used 2127K, capacity 2290K, committed 2304K, reserved 1048576K
}
Event: 10.075 GC heap after
{Heap after GC invocations=18 (full 0):
 garbage-first heap   total 133120K, used 50135K [0x0000000780000000, 0x0000000800000000)
  region size 1024K, 3 young (3072K), 3 survivors (3072K)
 Metaspace       used 17047K, capacity 17545K, committed 17664K, reserved 1064960K
  class space    used 2127K, capacity 2290K, committed 2304K, reserved 1048576K
}
Event: 11.936 GC heap before
{Heap before GC invocations=19 (full 0):
 garbage-first heap   total 133120K, used 62423K [0x0000000780000000, 0x0000000800000000)
  region size 1024K, 12 young (12288K), 3 survivors (3072K)
 Metaspace       used 17141K, capacity 17615K, committed 17664K, reserved 1064960K
  class space    used 2129K, capacity 2291K, committed 2304K, reserved 1048576K
}
Event: 11.940 GC heap after
{Heap after GC invocations=20 (full 0):
 garbage-first heap   total 133120K, used 54182K [0x0000000780000000, 0x0000000800000000)
  region size 1024K, 3 young (3072K), 3 survivors (3072K)
 Metaspace       used 17141K, capacity 17615K, committed 17664K, reserved 1064960K
  class space    used 2129K, capacity 2291K, committed 2304K, reserved 1048576K
}
Event: 11.974 GC heap before
{Heap before GC invocations=21 (full 0):
 garbage-first heap   total 133120K, used 67494K [0x0000000780000000, 0x0000000800000000)
  region size 1024K, 10 young (10240K), 3 survivors (3072K)
 Metaspace       used 17142K, capacity 17615K, committed 17664K, reserved 1064960K
  class space    used 2129K, capacity 2291K, committed 2304K, reserved 1048576K
}
Event: 11.978 GC heap after
{Heap after GC invocations=22 (full 0):
 garbage-first heap   total 133120K, used 61398K [0x0000000780000000, 0x0000000800000000)
  region size 1024K, 3 young (3072K), 3 survivors (3072K)
 Metaspace       used 17142K, capacity 17615K, committed 17664K, reserved 1064960K
  class space    used 2129K, capacity 2291K, committed 2304K, reserved 1048576K
}
Event: 12.014 GC heap before
{Heap before GC invocations=23 (full 0):
 garbage-first heap   total 133120K, used 74710K [0x0000000780000000, 0x0000000800000000)
  region size 1024K, 10 young (10240K), 3 survivors (3072K)
 Metaspace       used 17142K, capacity 17615K, committed 17664K, reserved 1064960K
  class space    used 2129K, capacity 2291K, committed 2304K, reserved 1048576K
}
Event: 12.018 GC heap after
{Heap after GC invocations=24 (full 0):
 garbage-first heap   total 133120K, used 61300K [0x0000000780000000, 0x0000000800000000)
  region size 1024K, 2 young (2048K), 2 survivors (2048K)
 Metaspace       used 17142K, capacity 17615K, committed 17664K, reserved 1064960K
  class space    used 2129K, capacity 2291K, committed 2304K, reserved 1048576K
}
Event: 12.053 GC heap before
{Heap before GC invocations=25 (full 0):
 garbage-first heap   total 133120K, used 74612K [0x0000000780000000, 0x0000000800000000)
  region size 1024K, 9 young (9216K), 2 survivors (2048K)
 Metaspace       used 17143K, capacity 17615K, committed 17664K, reserved 1064960K
  class space    used 2129K, capacity 2291K, committed 2304K, reserved 1048576K
}
Event: 12.056 GC heap after
{Heap after GC invocations=26 (full 0):
 garbage-first heap   total 133120K, used 61197K [0x0000000780000000, 0x0000000800000000)
  region size 1024K, 2 young (2048K), 2 survivors (2048K)
 Metaspace       used 17143K, capacity 17615K, committed 17664K, reserved 1064960K
  class space    used 2129K, capacity 2291K, committed 2304K, reserved 1048576K
}
Event: 12.765 GC heap before
{Heap before GC invocations=27 (full 0):
 garbage-first heap   total 133120K, used 80653K [0x0000000780000000, 0x0000000800000000)
  region size 1024K, 15 young (15360K), 2 survivors (2048K)
 Metaspace       used 17221K, capacity 17743K, committed 17920K, reserved 1064960K
  class space    used 2129K, capacity 2291K, committed 2304K, reserved 1048576K
}
Event: 12.770 GC heap after
{Heap after GC invocations=28 (full 0):
 garbage-first heap   total 133120K, used 57264K [0x0000000780000000, 0x0000000800000000)
  region size 1024K, 2 young (2048K), 2 survivors (2048K)
 Metaspace       used 17221K, capacity 17743K, committed 17920K, reserved 1064960K
  class space    used 2129K, capacity 2291K, committed 2304K, reserved 1048576K
}

